Determining if the include file malloc/malloc.h exists failed with the following output:
Change Dir: /home/maxbubblegum/Desktop/LLVM_13_MBLAZE/build/CMakeFiles/CMakeTmp

Run Build Command(s):/usr/bin/gmake cmTC_a2ddc/fast && /usr/bin/gmake  -f CMakeFiles/cmTC_a2ddc.dir/build.make CMakeFiles/cmTC_a2ddc.dir/build
gmake[1]: Entering directory '/home/maxbubblegum/Desktop/LLVM_13_MBLAZE/build/CMakeFiles/CMakeTmp'
Building C object CMakeFiles/cmTC_a2ddc.dir/CheckIncludeFile.c.o
/usr/bin/cc    -o CMakeFiles/cmTC_a2ddc.dir/CheckIncludeFile.c.o -c /home/maxbubblegum/Desktop/LLVM_13_MBLAZE/build/CMakeFiles/CMakeTmp/CheckIncludeFile.c
/home/maxbubblegum/Desktop/LLVM_13_MBLAZE/build/CMakeFiles/CMakeTmp/CheckIncludeFile.c:1:10: fatal error: malloc/malloc.h: No such file or directory
    1 | #include <malloc/malloc.h>
      |          ^~~~~~~~~~~~~~~~~
compilation terminated.
gmake[1]: *** [CMakeFiles/cmTC_a2ddc.dir/build.make:85: CMakeFiles/cmTC_a2ddc.dir/CheckIncludeFile.c.o] Error 1
gmake[1]: Leaving directory '/home/maxbubblegum/Desktop/LLVM_13_MBLAZE/build/CMakeFiles/CMakeTmp'
gmake: *** [Makefile:140: cmTC_a2ddc/fast] Error 2



Determining if the include file valgrind/valgrind.h exists failed with the following output:
Change Dir: /home/maxbubblegum/Desktop/LLVM_13_MBLAZE/build/CMakeFiles/CMakeTmp

Run Build Command(s):/usr/bin/gmake cmTC_04c13/fast && /usr/bin/gmake  -f CMakeFiles/cmTC_04c13.dir/build.make CMakeFiles/cmTC_04c13.dir/build
gmake[1]: Entering directory '/home/maxbubblegum/Desktop/LLVM_13_MBLAZE/build/CMakeFiles/CMakeTmp'
Building C object CMakeFiles/cmTC_04c13.dir/CheckIncludeFile.c.o
/usr/bin/cc    -o CMakeFiles/cmTC_04c13.dir/CheckIncludeFile.c.o -c /home/maxbubblegum/Desktop/LLVM_13_MBLAZE/build/CMakeFiles/CMakeTmp/CheckIncludeFile.c
/home/maxbubblegum/Desktop/LLVM_13_MBLAZE/build/CMakeFiles/CMakeTmp/CheckIncludeFile.c:1:10: fatal error: valgrind/valgrind.h: No such file or directory
    1 | #include <valgrind/valgrind.h>
      |          ^~~~~~~~~~~~~~~~~~~~~
compilation terminated.
gmake[1]: *** [CMakeFiles/cmTC_04c13.dir/build.make:85: CMakeFiles/cmTC_04c13.dir/CheckIncludeFile.c.o] Error 1
gmake[1]: Leaving directory '/home/maxbubblegum/Desktop/LLVM_13_MBLAZE/build/CMakeFiles/CMakeTmp'
gmake: *** [Makefile:140: cmTC_04c13/fast] Error 2



Determining if the include file mach/mach.h exists failed with the following output:
Change Dir: /home/maxbubblegum/Desktop/LLVM_13_MBLAZE/build/CMakeFiles/CMakeTmp

Run Build Command(s):/usr/bin/gmake cmTC_65b37/fast && /usr/bin/gmake  -f CMakeFiles/cmTC_65b37.dir/build.make CMakeFiles/cmTC_65b37.dir/build
gmake[1]: Entering directory '/home/maxbubblegum/Desktop/LLVM_13_MBLAZE/build/CMakeFiles/CMakeTmp'
Building C object CMakeFiles/cmTC_65b37.dir/CheckIncludeFile.c.o
/usr/bin/cc    -o CMakeFiles/cmTC_65b37.dir/CheckIncludeFile.c.o -c /home/maxbubblegum/Desktop/LLVM_13_MBLAZE/build/CMakeFiles/CMakeTmp/CheckIncludeFile.c
/home/maxbubblegum/Desktop/LLVM_13_MBLAZE/build/CMakeFiles/CMakeTmp/CheckIncludeFile.c:1:10: fatal error: mach/mach.h: No such file or directory
    1 | #include <mach/mach.h>
      |          ^~~~~~~~~~~~~
compilation terminated.
gmake[1]: *** [CMakeFiles/cmTC_65b37.dir/build.make:85: CMakeFiles/cmTC_65b37.dir/CheckIncludeFile.c.o] Error 1
gmake[1]: Leaving directory '/home/maxbubblegum/Desktop/LLVM_13_MBLAZE/build/CMakeFiles/CMakeTmp'
gmake: *** [Makefile:140: cmTC_65b37/fast] Error 2



Determining if the include file histedit.h exists failed with the following output:
Change Dir: /home/maxbubblegum/Desktop/LLVM_13_MBLAZE/build/CMakeFiles/CMakeTmp

Run Build Command(s):/usr/bin/gmake cmTC_bfd28/fast && /usr/bin/gmake  -f CMakeFiles/cmTC_bfd28.dir/build.make CMakeFiles/cmTC_bfd28.dir/build
gmake[1]: Entering directory '/home/maxbubblegum/Desktop/LLVM_13_MBLAZE/build/CMakeFiles/CMakeTmp'
Building C object CMakeFiles/cmTC_bfd28.dir/CheckIncludeFile.c.o
/usr/bin/cc    -o CMakeFiles/cmTC_bfd28.dir/CheckIncludeFile.c.o -c /home/maxbubblegum/Desktop/LLVM_13_MBLAZE/build/CMakeFiles/CMakeTmp/CheckIncludeFile.c
/home/maxbubblegum/Desktop/LLVM_13_MBLAZE/build/CMakeFiles/CMakeTmp/CheckIncludeFile.c:1:10: fatal error: histedit.h: No such file or directory
    1 | #include <histedit.h>
      |          ^~~~~~~~~~~~
compilation terminated.
gmake[1]: *** [CMakeFiles/cmTC_bfd28.dir/build.make:85: CMakeFiles/cmTC_bfd28.dir/CheckIncludeFile.c.o] Error 1
gmake[1]: Leaving directory '/home/maxbubblegum/Desktop/LLVM_13_MBLAZE/build/CMakeFiles/CMakeTmp'
gmake: *** [Makefile:140: cmTC_bfd28/fast] Error 2



Determining if the include file CrashReporterClient.h exists failed with the following output:
Change Dir: /home/maxbubblegum/Desktop/LLVM_13_MBLAZE/build/CMakeFiles/CMakeTmp

Run Build Command(s):/usr/bin/gmake cmTC_d1007/fast && /usr/bin/gmake  -f CMakeFiles/cmTC_d1007.dir/build.make CMakeFiles/cmTC_d1007.dir/build
gmake[1]: Entering directory '/home/maxbubblegum/Desktop/LLVM_13_MBLAZE/build/CMakeFiles/CMakeTmp'
Building C object CMakeFiles/cmTC_d1007.dir/CheckIncludeFile.c.o
/usr/bin/cc    -o CMakeFiles/cmTC_d1007.dir/CheckIncludeFile.c.o -c /home/maxbubblegum/Desktop/LLVM_13_MBLAZE/build/CMakeFiles/CMakeTmp/CheckIncludeFile.c
/home/maxbubblegum/Desktop/LLVM_13_MBLAZE/build/CMakeFiles/CMakeTmp/CheckIncludeFile.c:1:10: fatal error: CrashReporterClient.h: No such file or directory
    1 | #include <CrashReporterClient.h>
      |          ^~~~~~~~~~~~~~~~~~~~~~~
compilation terminated.
gmake[1]: *** [CMakeFiles/cmTC_d1007.dir/build.make:85: CMakeFiles/cmTC_d1007.dir/CheckIncludeFile.c.o] Error 1
gmake[1]: Leaving directory '/home/maxbubblegum/Desktop/LLVM_13_MBLAZE/build/CMakeFiles/CMakeTmp'
gmake: *** [Makefile:140: cmTC_d1007/fast] Error 2



Determining if the function pfm_initialize exists in the pfm failed with the following output:
Change Dir: /home/maxbubblegum/Desktop/LLVM_13_MBLAZE/build/CMakeFiles/CMakeTmp

Run Build Command(s):/usr/bin/gmake cmTC_905d8/fast && /usr/bin/gmake  -f CMakeFiles/cmTC_905d8.dir/build.make CMakeFiles/cmTC_905d8.dir/build
gmake[1]: Entering directory '/home/maxbubblegum/Desktop/LLVM_13_MBLAZE/build/CMakeFiles/CMakeTmp'
Building C object CMakeFiles/cmTC_905d8.dir/CheckFunctionExists.c.o
/usr/bin/cc   -DCHECK_FUNCTION_EXISTS=pfm_initialize -o CMakeFiles/cmTC_905d8.dir/CheckFunctionExists.c.o -c /usr/share/cmake-3.18/Modules/CheckFunctionExists.c
Linking C executable cmTC_905d8
/usr/bin/cmake -E cmake_link_script CMakeFiles/cmTC_905d8.dir/link.txt --verbose=1
/usr/bin/cc  -DCHECK_FUNCTION_EXISTS=pfm_initialize CMakeFiles/cmTC_905d8.dir/CheckFunctionExists.c.o -o cmTC_905d8  -lpfm -lm 
/usr/bin/ld: cannot find -lpfm
collect2: error: ld returned 1 exit status
gmake[1]: *** [CMakeFiles/cmTC_905d8.dir/build.make:106: cmTC_905d8] Error 1
gmake[1]: Leaving directory '/home/maxbubblegum/Desktop/LLVM_13_MBLAZE/build/CMakeFiles/CMakeTmp'
gmake: *** [Makefile:140: cmTC_905d8/fast] Error 2



Determining if the function xar_open exists in the xar failed with the following output:
Change Dir: /home/maxbubblegum/Desktop/LLVM_13_MBLAZE/build/CMakeFiles/CMakeTmp

Run Build Command(s):/usr/bin/gmake cmTC_6e77f/fast && /usr/bin/gmake  -f CMakeFiles/cmTC_6e77f.dir/build.make CMakeFiles/cmTC_6e77f.dir/build
gmake[1]: Entering directory '/home/maxbubblegum/Desktop/LLVM_13_MBLAZE/build/CMakeFiles/CMakeTmp'
Building C object CMakeFiles/cmTC_6e77f.dir/CheckFunctionExists.c.o
/usr/bin/cc   -DCHECK_FUNCTION_EXISTS=xar_open -o CMakeFiles/cmTC_6e77f.dir/CheckFunctionExists.c.o -c /usr/share/cmake-3.18/Modules/CheckFunctionExists.c
Linking C executable cmTC_6e77f
/usr/bin/cmake -E cmake_link_script CMakeFiles/cmTC_6e77f.dir/link.txt --verbose=1
/usr/bin/cc  -DCHECK_FUNCTION_EXISTS=xar_open CMakeFiles/cmTC_6e77f.dir/CheckFunctionExists.c.o -o cmTC_6e77f  -lxar -lm 
/usr/bin/ld: cannot find -lxar
collect2: error: ld returned 1 exit status
gmake[1]: *** [CMakeFiles/cmTC_6e77f.dir/build.make:106: cmTC_6e77f] Error 1
gmake[1]: Leaving directory '/home/maxbubblegum/Desktop/LLVM_13_MBLAZE/build/CMakeFiles/CMakeTmp'
gmake: *** [Makefile:140: cmTC_6e77f/fast] Error 2



Determining if the arc4random exist failed with the following output:
Change Dir: /home/maxbubblegum/Desktop/LLVM_13_MBLAZE/build/CMakeFiles/CMakeTmp

Run Build Command(s):/usr/bin/gmake cmTC_ab20b/fast && /usr/bin/gmake  -f CMakeFiles/cmTC_ab20b.dir/build.make CMakeFiles/cmTC_ab20b.dir/build
gmake[1]: Entering directory '/home/maxbubblegum/Desktop/LLVM_13_MBLAZE/build/CMakeFiles/CMakeTmp'
Building C object CMakeFiles/cmTC_ab20b.dir/CheckSymbolExists.c.o
/usr/bin/cc    -o CMakeFiles/cmTC_ab20b.dir/CheckSymbolExists.c.o -c /home/maxbubblegum/Desktop/LLVM_13_MBLAZE/build/CMakeFiles/CMakeTmp/CheckSymbolExists.c
/home/maxbubblegum/Desktop/LLVM_13_MBLAZE/build/CMakeFiles/CMakeTmp/CheckSymbolExists.c: In function ‘main’:
/home/maxbubblegum/Desktop/LLVM_13_MBLAZE/build/CMakeFiles/CMakeTmp/CheckSymbolExists.c:8:19: error: ‘arc4random’ undeclared (first use in this function); did you mean ‘srandom’?
    8 |   return ((int*)(&arc4random))[argc];
      |                   ^~~~~~~~~~
      |                   srandom
/home/maxbubblegum/Desktop/LLVM_13_MBLAZE/build/CMakeFiles/CMakeTmp/CheckSymbolExists.c:8:19: note: each undeclared identifier is reported only once for each function it appears in
gmake[1]: *** [CMakeFiles/cmTC_ab20b.dir/build.make:85: CMakeFiles/cmTC_ab20b.dir/CheckSymbolExists.c.o] Error 1
gmake[1]: Leaving directory '/home/maxbubblegum/Desktop/LLVM_13_MBLAZE/build/CMakeFiles/CMakeTmp'
gmake: *** [Makefile:140: cmTC_ab20b/fast] Error 2


File /home/maxbubblegum/Desktop/LLVM_13_MBLAZE/build/CMakeFiles/CMakeTmp/CheckSymbolExists.c:
/* */
#include <stdlib.h>

int main(int argc, char** argv)
{
  (void)argv;
#ifndef arc4random
  return ((int*)(&arc4random))[argc];
#else
  (void)argc;
  return 0;
#endif
}
Performing C SOURCE FILE Test C_SUPPORTS_WERROR_UNGUARDED_AVAILABILITY_NEW failed with the following output:
Change Dir: /home/maxbubblegum/Desktop/LLVM_13_MBLAZE/build/CMakeFiles/CMakeTmp

Run Build Command(s):/usr/bin/gmake cmTC_24dbb/fast && /usr/bin/gmake  -f CMakeFiles/cmTC_24dbb.dir/build.make CMakeFiles/cmTC_24dbb.dir/build
gmake[1]: Entering directory '/home/maxbubblegum/Desktop/LLVM_13_MBLAZE/build/CMakeFiles/CMakeTmp'
Building C object CMakeFiles/cmTC_24dbb.dir/src.c.o
/usr/bin/cc   -DC_SUPPORTS_WERROR_UNGUARDED_AVAILABILITY_NEW   -Werror=unguarded-availability-new -o CMakeFiles/cmTC_24dbb.dir/src.c.o -c /home/maxbubblegum/Desktop/LLVM_13_MBLAZE/build/CMakeFiles/CMakeTmp/src.c
cc1: error: '-Werror=unguarded-availability-new': no option '-Wunguarded-availability-new'
gmake[1]: *** [CMakeFiles/cmTC_24dbb.dir/build.make:85: CMakeFiles/cmTC_24dbb.dir/src.c.o] Error 1
gmake[1]: Leaving directory '/home/maxbubblegum/Desktop/LLVM_13_MBLAZE/build/CMakeFiles/CMakeTmp'
gmake: *** [Makefile:140: cmTC_24dbb/fast] Error 2


Source file was:
int main(void) { return 0; }
Determining if the mallctl exist failed with the following output:
Change Dir: /home/maxbubblegum/Desktop/LLVM_13_MBLAZE/build/CMakeFiles/CMakeTmp

Run Build Command(s):/usr/bin/gmake cmTC_9a2d0/fast && /usr/bin/gmake  -f CMakeFiles/cmTC_9a2d0.dir/build.make CMakeFiles/cmTC_9a2d0.dir/build
gmake[1]: Entering directory '/home/maxbubblegum/Desktop/LLVM_13_MBLAZE/build/CMakeFiles/CMakeTmp'
Building C object CMakeFiles/cmTC_9a2d0.dir/CheckSymbolExists.c.o
/usr/bin/cc    -o CMakeFiles/cmTC_9a2d0.dir/CheckSymbolExists.c.o -c /home/maxbubblegum/Desktop/LLVM_13_MBLAZE/build/CMakeFiles/CMakeTmp/CheckSymbolExists.c
/home/maxbubblegum/Desktop/LLVM_13_MBLAZE/build/CMakeFiles/CMakeTmp/CheckSymbolExists.c:2:10: fatal error: malloc_np.h: No such file or directory
    2 | #include <malloc_np.h>
      |          ^~~~~~~~~~~~~
compilation terminated.
gmake[1]: *** [CMakeFiles/cmTC_9a2d0.dir/build.make:85: CMakeFiles/cmTC_9a2d0.dir/CheckSymbolExists.c.o] Error 1
gmake[1]: Leaving directory '/home/maxbubblegum/Desktop/LLVM_13_MBLAZE/build/CMakeFiles/CMakeTmp'
gmake: *** [Makefile:140: cmTC_9a2d0/fast] Error 2


File /home/maxbubblegum/Desktop/LLVM_13_MBLAZE/build/CMakeFiles/CMakeTmp/CheckSymbolExists.c:
/* */
#include <malloc_np.h>

int main(int argc, char** argv)
{
  (void)argv;
#ifndef mallctl
  return ((int*)(&mallctl))[argc];
#else
  (void)argc;
  return 0;
#endif
}
Determining if the malloc_zone_statistics exist failed with the following output:
Change Dir: /home/maxbubblegum/Desktop/LLVM_13_MBLAZE/build/CMakeFiles/CMakeTmp

Run Build Command(s):/usr/bin/gmake cmTC_a0b63/fast && /usr/bin/gmake  -f CMakeFiles/cmTC_a0b63.dir/build.make CMakeFiles/cmTC_a0b63.dir/build
gmake[1]: Entering directory '/home/maxbubblegum/Desktop/LLVM_13_MBLAZE/build/CMakeFiles/CMakeTmp'
Building C object CMakeFiles/cmTC_a0b63.dir/CheckSymbolExists.c.o
/usr/bin/cc    -o CMakeFiles/cmTC_a0b63.dir/CheckSymbolExists.c.o -c /home/maxbubblegum/Desktop/LLVM_13_MBLAZE/build/CMakeFiles/CMakeTmp/CheckSymbolExists.c
/home/maxbubblegum/Desktop/LLVM_13_MBLAZE/build/CMakeFiles/CMakeTmp/CheckSymbolExists.c:2:10: fatal error: malloc/malloc.h: No such file or directory
    2 | #include <malloc/malloc.h>
      |          ^~~~~~~~~~~~~~~~~
compilation terminated.
gmake[1]: *** [CMakeFiles/cmTC_a0b63.dir/build.make:85: CMakeFiles/cmTC_a0b63.dir/CheckSymbolExists.c.o] Error 1
gmake[1]: Leaving directory '/home/maxbubblegum/Desktop/LLVM_13_MBLAZE/build/CMakeFiles/CMakeTmp'
gmake: *** [Makefile:140: cmTC_a0b63/fast] Error 2


File /home/maxbubblegum/Desktop/LLVM_13_MBLAZE/build/CMakeFiles/CMakeTmp/CheckSymbolExists.c:
/* */
#include <malloc/malloc.h>

int main(int argc, char** argv)
{
  (void)argv;
#ifndef malloc_zone_statistics
  return ((int*)(&malloc_zone_statistics))[argc];
#else
  (void)argc;
  return 0;
#endif
}
Determining if the strerror_s exist failed with the following output:
Change Dir: /home/maxbubblegum/Desktop/LLVM_13_MBLAZE/build/CMakeFiles/CMakeTmp

Run Build Command(s):/usr/bin/gmake cmTC_22944/fast && /usr/bin/gmake  -f CMakeFiles/cmTC_22944.dir/build.make CMakeFiles/cmTC_22944.dir/build
gmake[1]: Entering directory '/home/maxbubblegum/Desktop/LLVM_13_MBLAZE/build/CMakeFiles/CMakeTmp'
Building C object CMakeFiles/cmTC_22944.dir/CheckSymbolExists.c.o
/usr/bin/cc    -o CMakeFiles/cmTC_22944.dir/CheckSymbolExists.c.o -c /home/maxbubblegum/Desktop/LLVM_13_MBLAZE/build/CMakeFiles/CMakeTmp/CheckSymbolExists.c
/home/maxbubblegum/Desktop/LLVM_13_MBLAZE/build/CMakeFiles/CMakeTmp/CheckSymbolExists.c: In function ‘main’:
/home/maxbubblegum/Desktop/LLVM_13_MBLAZE/build/CMakeFiles/CMakeTmp/CheckSymbolExists.c:8:19: error: ‘strerror_s’ undeclared (first use in this function); did you mean ‘strerror_l’?
    8 |   return ((int*)(&strerror_s))[argc];
      |                   ^~~~~~~~~~
      |                   strerror_l
/home/maxbubblegum/Desktop/LLVM_13_MBLAZE/build/CMakeFiles/CMakeTmp/CheckSymbolExists.c:8:19: note: each undeclared identifier is reported only once for each function it appears in
gmake[1]: *** [CMakeFiles/cmTC_22944.dir/build.make:85: CMakeFiles/cmTC_22944.dir/CheckSymbolExists.c.o] Error 1
gmake[1]: Leaving directory '/home/maxbubblegum/Desktop/LLVM_13_MBLAZE/build/CMakeFiles/CMakeTmp'
gmake: *** [Makefile:140: cmTC_22944/fast] Error 2


File /home/maxbubblegum/Desktop/LLVM_13_MBLAZE/build/CMakeFiles/CMakeTmp/CheckSymbolExists.c:
/* */
#include <string.h>

int main(int argc, char** argv)
{
  (void)argv;
#ifndef strerror_s
  return ((int*)(&strerror_s))[argc];
#else
  (void)argc;
  return 0;
#endif
}
Determining if the dladdr exist failed with the following output:
Change Dir: /home/maxbubblegum/Desktop/LLVM_13_MBLAZE/build/CMakeFiles/CMakeTmp

Run Build Command(s):/usr/bin/gmake cmTC_a9b20/fast && /usr/bin/gmake  -f CMakeFiles/cmTC_a9b20.dir/build.make CMakeFiles/cmTC_a9b20.dir/build
gmake[1]: Entering directory '/home/maxbubblegum/Desktop/LLVM_13_MBLAZE/build/CMakeFiles/CMakeTmp'
Building C object CMakeFiles/cmTC_a9b20.dir/CheckSymbolExists.c.o
/usr/bin/cc    -o CMakeFiles/cmTC_a9b20.dir/CheckSymbolExists.c.o -c /home/maxbubblegum/Desktop/LLVM_13_MBLAZE/build/CMakeFiles/CMakeTmp/CheckSymbolExists.c
/home/maxbubblegum/Desktop/LLVM_13_MBLAZE/build/CMakeFiles/CMakeTmp/CheckSymbolExists.c: In function ‘main’:
/home/maxbubblegum/Desktop/LLVM_13_MBLAZE/build/CMakeFiles/CMakeTmp/CheckSymbolExists.c:8:19: error: ‘dladdr’ undeclared (first use in this function)
    8 |   return ((int*)(&dladdr))[argc];
      |                   ^~~~~~
/home/maxbubblegum/Desktop/LLVM_13_MBLAZE/build/CMakeFiles/CMakeTmp/CheckSymbolExists.c:8:19: note: each undeclared identifier is reported only once for each function it appears in
gmake[1]: *** [CMakeFiles/cmTC_a9b20.dir/build.make:85: CMakeFiles/cmTC_a9b20.dir/CheckSymbolExists.c.o] Error 1
gmake[1]: Leaving directory '/home/maxbubblegum/Desktop/LLVM_13_MBLAZE/build/CMakeFiles/CMakeTmp'
gmake: *** [Makefile:140: cmTC_a9b20/fast] Error 2


File /home/maxbubblegum/Desktop/LLVM_13_MBLAZE/build/CMakeFiles/CMakeTmp/CheckSymbolExists.c:
/* */
#include <dlfcn.h>

int main(int argc, char** argv)
{
  (void)argv;
#ifndef dladdr
  return ((int*)(&dladdr))[argc];
#else
  (void)argc;
  return 0;
#endif
}
Performing C SOURCE FILE Test HAVE_STRUCT_STAT_ST_MTIMESPEC_TV_NSEC failed with the following output:
Change Dir: /home/maxbubblegum/Desktop/LLVM_13_MBLAZE/build/CMakeFiles/CMakeTmp

Run Build Command(s):/usr/bin/gmake cmTC_5a8e4/fast && /usr/bin/gmake  -f CMakeFiles/cmTC_5a8e4.dir/build.make CMakeFiles/cmTC_5a8e4.dir/build
gmake[1]: Entering directory '/home/maxbubblegum/Desktop/LLVM_13_MBLAZE/build/CMakeFiles/CMakeTmp'
Building C object CMakeFiles/cmTC_5a8e4.dir/src.c.o
/usr/bin/cc   -DHAVE_STRUCT_STAT_ST_MTIMESPEC_TV_NSEC -o CMakeFiles/cmTC_5a8e4.dir/src.c.o -c /home/maxbubblegum/Desktop/LLVM_13_MBLAZE/build/CMakeFiles/CMakeTmp/src.c
/home/maxbubblegum/Desktop/LLVM_13_MBLAZE/build/CMakeFiles/CMakeTmp/src.c: In function ‘main’:
/home/maxbubblegum/Desktop/LLVM_13_MBLAZE/build/CMakeFiles/CMakeTmp/src.c:7:34: error: ‘struct stat’ has no member named ‘st_mtimespec’
    7 |   (void)sizeof(((struct stat *)0)->st_mtimespec.tv_nsec);
      |                                  ^~
gmake[1]: *** [CMakeFiles/cmTC_5a8e4.dir/build.make:85: CMakeFiles/cmTC_5a8e4.dir/src.c.o] Error 1
gmake[1]: Leaving directory '/home/maxbubblegum/Desktop/LLVM_13_MBLAZE/build/CMakeFiles/CMakeTmp'
gmake: *** [Makefile:140: cmTC_5a8e4/fast] Error 2


Source file was:

#include <sys/types.h>
#include <sys/stat.h>

int main()
{
  (void)sizeof(((struct stat *)0)->st_mtimespec.tv_nsec);
  return 0;
}

Determining if the proc_pid_rusage exist failed with the following output:
Change Dir: /home/maxbubblegum/Desktop/LLVM_13_MBLAZE/build/CMakeFiles/CMakeTmp

Run Build Command(s):/usr/bin/gmake cmTC_90c3f/fast && /usr/bin/gmake  -f CMakeFiles/cmTC_90c3f.dir/build.make CMakeFiles/cmTC_90c3f.dir/build
gmake[1]: Entering directory '/home/maxbubblegum/Desktop/LLVM_13_MBLAZE/build/CMakeFiles/CMakeTmp'
Building C object CMakeFiles/cmTC_90c3f.dir/CheckSymbolExists.c.o
/usr/bin/cc -D_GNU_SOURCE   -o CMakeFiles/cmTC_90c3f.dir/CheckSymbolExists.c.o -c /home/maxbubblegum/Desktop/LLVM_13_MBLAZE/build/CMakeFiles/CMakeTmp/CheckSymbolExists.c
/home/maxbubblegum/Desktop/LLVM_13_MBLAZE/build/CMakeFiles/CMakeTmp/CheckSymbolExists.c:2:10: fatal error: libproc.h: No such file or directory
    2 | #include <libproc.h>
      |          ^~~~~~~~~~~
compilation terminated.
gmake[1]: *** [CMakeFiles/cmTC_90c3f.dir/build.make:85: CMakeFiles/cmTC_90c3f.dir/CheckSymbolExists.c.o] Error 1
gmake[1]: Leaving directory '/home/maxbubblegum/Desktop/LLVM_13_MBLAZE/build/CMakeFiles/CMakeTmp'
gmake: *** [Makefile:140: cmTC_90c3f/fast] Error 2


File /home/maxbubblegum/Desktop/LLVM_13_MBLAZE/build/CMakeFiles/CMakeTmp/CheckSymbolExists.c:
/* */
#include <libproc.h>

int main(int argc, char** argv)
{
  (void)argv;
#ifndef proc_pid_rusage
  return ((int*)(&proc_pid_rusage))[argc];
#else
  (void)argc;
  return 0;
#endif
}
Performing C++ SOURCE FILE Test SUPPORTS_GNU_ZERO_VARIADIC_MACRO_ARGUMENTS_FLAG failed with the following output:
Change Dir: /home/maxbubblegum/Desktop/LLVM_13_MBLAZE/build/CMakeFiles/CMakeTmp

Run Build Command(s):/usr/bin/gmake cmTC_65a29/fast && /usr/bin/gmake  -f CMakeFiles/cmTC_65a29.dir/build.make CMakeFiles/cmTC_65a29.dir/build
gmake[1]: Entering directory '/home/maxbubblegum/Desktop/LLVM_13_MBLAZE/build/CMakeFiles/CMakeTmp'
Building CXX object CMakeFiles/cmTC_65a29.dir/src.cxx.o
/usr/bin/c++   -DSUPPORTS_GNU_ZERO_VARIADIC_MACRO_ARGUMENTS_FLAG   -Wgnu-zero-variadic-macro-arguments -std=c++14 -o CMakeFiles/cmTC_65a29.dir/src.cxx.o -c /home/maxbubblegum/Desktop/LLVM_13_MBLAZE/build/CMakeFiles/CMakeTmp/src.cxx
c++: error: unrecognized command-line option '-Wgnu-zero-variadic-macro-arguments'
gmake[1]: *** [CMakeFiles/cmTC_65a29.dir/build.make:85: CMakeFiles/cmTC_65a29.dir/src.cxx.o] Error 1
gmake[1]: Leaving directory '/home/maxbubblegum/Desktop/LLVM_13_MBLAZE/build/CMakeFiles/CMakeTmp'
gmake: *** [Makefile:140: cmTC_65a29/fast] Error 2


Source file was:
int main() { return 0; }
Performing C++ SOURCE FILE Test CXX_SUPPORTS_WERROR_UNGUARDED_AVAILABILITY_NEW failed with the following output:
Change Dir: /home/maxbubblegum/Desktop/LLVM_13_MBLAZE/build/CMakeFiles/CMakeTmp

Run Build Command(s):/usr/bin/gmake cmTC_9057e/fast && /usr/bin/gmake  -f CMakeFiles/cmTC_9057e.dir/build.make CMakeFiles/cmTC_9057e.dir/build
gmake[1]: Entering directory '/home/maxbubblegum/Desktop/LLVM_13_MBLAZE/build/CMakeFiles/CMakeTmp'
Building CXX object CMakeFiles/cmTC_9057e.dir/src.cxx.o
/usr/bin/c++   -fPIC -fno-semantic-interposition -fvisibility-inlines-hidden -Werror=date-time -DCXX_SUPPORTS_WERROR_UNGUARDED_AVAILABILITY_NEW   -Werror -Werror=unguarded-availability-new -std=c++14 -o CMakeFiles/cmTC_9057e.dir/src.cxx.o -c /home/maxbubblegum/Desktop/LLVM_13_MBLAZE/build/CMakeFiles/CMakeTmp/src.cxx
cc1plus: error: '-Werror=unguarded-availability-new': no option '-Wunguarded-availability-new'
gmake[1]: *** [CMakeFiles/cmTC_9057e.dir/build.make:85: CMakeFiles/cmTC_9057e.dir/src.cxx.o] Error 1
gmake[1]: Leaving directory '/home/maxbubblegum/Desktop/LLVM_13_MBLAZE/build/CMakeFiles/CMakeTmp'
gmake: *** [Makefile:140: cmTC_9057e/fast] Error 2


Source file was:
int main() { return 0; }
Performing C SOURCE FILE Test C_SUPPORTS_CXX98_COMPAT_EXTRA_SEMI_FLAG failed with the following output:
Change Dir: /home/maxbubblegum/Desktop/LLVM_13_MBLAZE/build/CMakeFiles/CMakeTmp

Run Build Command(s):/usr/bin/gmake cmTC_3190d/fast && /usr/bin/gmake  -f CMakeFiles/cmTC_3190d.dir/build.make CMakeFiles/cmTC_3190d.dir/build
gmake[1]: Entering directory '/home/maxbubblegum/Desktop/LLVM_13_MBLAZE/build/CMakeFiles/CMakeTmp'
Building C object CMakeFiles/cmTC_3190d.dir/src.c.o
/usr/bin/cc   -fPIC -fno-semantic-interposition -Werror=date-time -Wall -Wextra -Wno-unused-parameter -Wwrite-strings -Wno-missing-field-initializers -pedantic -Wno-long-long -DC_SUPPORTS_CXX98_COMPAT_EXTRA_SEMI_FLAG   -Werror -Wc++98-compat-extra-semi -o CMakeFiles/cmTC_3190d.dir/src.c.o -c /home/maxbubblegum/Desktop/LLVM_13_MBLAZE/build/CMakeFiles/CMakeTmp/src.c
cc: error: unrecognized command-line option '-Wc++98-compat-extra-semi'
gmake[1]: *** [CMakeFiles/cmTC_3190d.dir/build.make:85: CMakeFiles/cmTC_3190d.dir/src.c.o] Error 1
gmake[1]: Leaving directory '/home/maxbubblegum/Desktop/LLVM_13_MBLAZE/build/CMakeFiles/CMakeTmp'
gmake: *** [Makefile:140: cmTC_3190d/fast] Error 2


Source file was:
int main(void) { return 0; }
Performing C++ SOURCE FILE Test CXX_SUPPORTS_CXX98_COMPAT_EXTRA_SEMI_FLAG failed with the following output:
Change Dir: /home/maxbubblegum/Desktop/LLVM_13_MBLAZE/build/CMakeFiles/CMakeTmp

Run Build Command(s):/usr/bin/gmake cmTC_5e39e/fast && /usr/bin/gmake  -f CMakeFiles/cmTC_5e39e.dir/build.make CMakeFiles/cmTC_5e39e.dir/build
gmake[1]: Entering directory '/home/maxbubblegum/Desktop/LLVM_13_MBLAZE/build/CMakeFiles/CMakeTmp'
Building CXX object CMakeFiles/cmTC_5e39e.dir/src.cxx.o
/usr/bin/c++   -fPIC -fno-semantic-interposition -fvisibility-inlines-hidden -Werror=date-time -Wall -Wextra -Wno-unused-parameter -Wwrite-strings -Wcast-qual -Wno-missing-field-initializers -pedantic -Wno-long-long -DCXX_SUPPORTS_CXX98_COMPAT_EXTRA_SEMI_FLAG   -Werror -Wc++98-compat-extra-semi -std=c++14 -o CMakeFiles/cmTC_5e39e.dir/src.cxx.o -c /home/maxbubblegum/Desktop/LLVM_13_MBLAZE/build/CMakeFiles/CMakeTmp/src.cxx
c++: error: unrecognized command-line option '-Wc++98-compat-extra-semi'
gmake[1]: *** [CMakeFiles/cmTC_5e39e.dir/build.make:85: CMakeFiles/cmTC_5e39e.dir/src.cxx.o] Error 1
gmake[1]: Leaving directory '/home/maxbubblegum/Desktop/LLVM_13_MBLAZE/build/CMakeFiles/CMakeTmp'
gmake: *** [Makefile:140: cmTC_5e39e/fast] Error 2


Source file was:
int main() { return 0; }
Performing C SOURCE FILE Test C_SUPPORTS_COVERED_SWITCH_DEFAULT_FLAG failed with the following output:
Change Dir: /home/maxbubblegum/Desktop/LLVM_13_MBLAZE/build/CMakeFiles/CMakeTmp

Run Build Command(s):/usr/bin/gmake cmTC_1142e/fast && /usr/bin/gmake  -f CMakeFiles/cmTC_1142e.dir/build.make CMakeFiles/cmTC_1142e.dir/build
gmake[1]: Entering directory '/home/maxbubblegum/Desktop/LLVM_13_MBLAZE/build/CMakeFiles/CMakeTmp'
Building C object CMakeFiles/cmTC_1142e.dir/src.c.o
/usr/bin/cc   -fPIC -fno-semantic-interposition -Werror=date-time -Wall -Wextra -Wno-unused-parameter -Wwrite-strings -Wno-missing-field-initializers -pedantic -Wno-long-long -Wimplicit-fallthrough -DC_SUPPORTS_COVERED_SWITCH_DEFAULT_FLAG   -Werror -Wcovered-switch-default -o CMakeFiles/cmTC_1142e.dir/src.c.o -c /home/maxbubblegum/Desktop/LLVM_13_MBLAZE/build/CMakeFiles/CMakeTmp/src.c
cc: error: unrecognized command-line option '-Wcovered-switch-default'; did you mean '-Wno-switch-default'?
gmake[1]: *** [CMakeFiles/cmTC_1142e.dir/build.make:85: CMakeFiles/cmTC_1142e.dir/src.c.o] Error 1
gmake[1]: Leaving directory '/home/maxbubblegum/Desktop/LLVM_13_MBLAZE/build/CMakeFiles/CMakeTmp'
gmake: *** [Makefile:140: cmTC_1142e/fast] Error 2


Source file was:
int main(void) { return 0; }
Performing C++ SOURCE FILE Test CXX_SUPPORTS_COVERED_SWITCH_DEFAULT_FLAG failed with the following output:
Change Dir: /home/maxbubblegum/Desktop/LLVM_13_MBLAZE/build/CMakeFiles/CMakeTmp

Run Build Command(s):/usr/bin/gmake cmTC_f26e5/fast && /usr/bin/gmake  -f CMakeFiles/cmTC_f26e5.dir/build.make CMakeFiles/cmTC_f26e5.dir/build
gmake[1]: Entering directory '/home/maxbubblegum/Desktop/LLVM_13_MBLAZE/build/CMakeFiles/CMakeTmp'
Building CXX object CMakeFiles/cmTC_f26e5.dir/src.cxx.o
/usr/bin/c++   -fPIC -fno-semantic-interposition -fvisibility-inlines-hidden -Werror=date-time -Wall -Wextra -Wno-unused-parameter -Wwrite-strings -Wcast-qual -Wno-missing-field-initializers -pedantic -Wno-long-long -Wimplicit-fallthrough -DCXX_SUPPORTS_COVERED_SWITCH_DEFAULT_FLAG   -Werror -Wcovered-switch-default -std=c++14 -o CMakeFiles/cmTC_f26e5.dir/src.cxx.o -c /home/maxbubblegum/Desktop/LLVM_13_MBLAZE/build/CMakeFiles/CMakeTmp/src.cxx
c++: error: unrecognized command-line option '-Wcovered-switch-default'; did you mean '-Wno-switch-default'?
gmake[1]: *** [CMakeFiles/cmTC_f26e5.dir/build.make:85: CMakeFiles/cmTC_f26e5.dir/src.cxx.o] Error 1
gmake[1]: Leaving directory '/home/maxbubblegum/Desktop/LLVM_13_MBLAZE/build/CMakeFiles/CMakeTmp'
gmake: *** [Makefile:140: cmTC_f26e5/fast] Error 2


Source file was:
int main() { return 0; }
Performing C SOURCE FILE Test C_SUPPORTS_DELETE_NON_VIRTUAL_DTOR_FLAG failed with the following output:
Change Dir: /home/maxbubblegum/Desktop/LLVM_13_MBLAZE/build/CMakeFiles/CMakeTmp

Run Build Command(s):/usr/bin/gmake cmTC_af9ee/fast && /usr/bin/gmake  -f CMakeFiles/cmTC_af9ee.dir/build.make CMakeFiles/cmTC_af9ee.dir/build
gmake[1]: Entering directory '/home/maxbubblegum/Desktop/LLVM_13_MBLAZE/build/CMakeFiles/CMakeTmp'
Building C object CMakeFiles/cmTC_af9ee.dir/src.c.o
/usr/bin/cc   -fPIC -fno-semantic-interposition -Werror=date-time -Wall -Wextra -Wno-unused-parameter -Wwrite-strings -Wno-missing-field-initializers -pedantic -Wno-long-long -Wimplicit-fallthrough -DC_SUPPORTS_DELETE_NON_VIRTUAL_DTOR_FLAG   -Werror -Wdelete-non-virtual-dtor -o CMakeFiles/cmTC_af9ee.dir/src.c.o -c /home/maxbubblegum/Desktop/LLVM_13_MBLAZE/build/CMakeFiles/CMakeTmp/src.c
cc1: error: command-line option '-Wdelete-non-virtual-dtor' is valid for C++/ObjC++ but not for C [-Werror]
cc1: all warnings being treated as errors
gmake[1]: *** [CMakeFiles/cmTC_af9ee.dir/build.make:85: CMakeFiles/cmTC_af9ee.dir/src.c.o] Error 1
gmake[1]: Leaving directory '/home/maxbubblegum/Desktop/LLVM_13_MBLAZE/build/CMakeFiles/CMakeTmp'
gmake: *** [Makefile:140: cmTC_af9ee/fast] Error 2


Source file was:
int main(void) { return 0; }
Performing C SOURCE FILE Test C_WCOMMENT_ALLOWS_LINE_WRAP failed with the following output:
Change Dir: /home/maxbubblegum/Desktop/LLVM_13_MBLAZE/build/CMakeFiles/CMakeTmp

Run Build Command(s):/usr/bin/gmake cmTC_847a7/fast && /usr/bin/gmake  -f CMakeFiles/cmTC_847a7.dir/build.make CMakeFiles/cmTC_847a7.dir/build
gmake[1]: Entering directory '/home/maxbubblegum/Desktop/LLVM_13_MBLAZE/build/CMakeFiles/CMakeTmp'
Building C object CMakeFiles/cmTC_847a7.dir/src.c.o
/usr/bin/cc -D_GNU_SOURCE  -fPIC -fno-semantic-interposition -Werror=date-time -Wall -Wextra -Wno-unused-parameter -Wwrite-strings -Wno-missing-field-initializers -pedantic -Wno-long-long -Wimplicit-fallthrough -DC_WCOMMENT_ALLOWS_LINE_WRAP  -Werror -Wcomment -o CMakeFiles/cmTC_847a7.dir/src.c.o -c /home/maxbubblegum/Desktop/LLVM_13_MBLAZE/build/CMakeFiles/CMakeTmp/src.c
/home/maxbubblegum/Desktop/LLVM_13_MBLAZE/build/CMakeFiles/CMakeTmp/src.c:1:1: error: multi-line comment [-Werror=comment]
    1 | // \
      | ^
cc1: all warnings being treated as errors
gmake[1]: *** [CMakeFiles/cmTC_847a7.dir/build.make:85: CMakeFiles/cmTC_847a7.dir/src.c.o] Error 1
gmake[1]: Leaving directory '/home/maxbubblegum/Desktop/LLVM_13_MBLAZE/build/CMakeFiles/CMakeTmp'
gmake: *** [Makefile:140: cmTC_847a7/fast] Error 2


Source file was:
// \
//
int main() {return 0;}
Performing C SOURCE FILE Test C_SUPPORTS_STRING_CONVERSION_FLAG failed with the following output:
Change Dir: /home/maxbubblegum/Desktop/LLVM_13_MBLAZE/build/CMakeFiles/CMakeTmp

Run Build Command(s):/usr/bin/gmake cmTC_4ecae/fast && /usr/bin/gmake  -f CMakeFiles/cmTC_4ecae.dir/build.make CMakeFiles/cmTC_4ecae.dir/build
gmake[1]: Entering directory '/home/maxbubblegum/Desktop/LLVM_13_MBLAZE/build/CMakeFiles/CMakeTmp'
Building C object CMakeFiles/cmTC_4ecae.dir/src.c.o
/usr/bin/cc   -fPIC -fno-semantic-interposition -Werror=date-time -Wall -Wextra -Wno-unused-parameter -Wwrite-strings -Wno-missing-field-initializers -pedantic -Wno-long-long -Wimplicit-fallthrough -Wno-comment -DC_SUPPORTS_STRING_CONVERSION_FLAG   -Werror -Wstring-conversion -o CMakeFiles/cmTC_4ecae.dir/src.c.o -c /home/maxbubblegum/Desktop/LLVM_13_MBLAZE/build/CMakeFiles/CMakeTmp/src.c
cc: error: unrecognized command-line option '-Wstring-conversion'; did you mean '-Wsign-conversion'?
gmake[1]: *** [CMakeFiles/cmTC_4ecae.dir/build.make:85: CMakeFiles/cmTC_4ecae.dir/src.c.o] Error 1
gmake[1]: Leaving directory '/home/maxbubblegum/Desktop/LLVM_13_MBLAZE/build/CMakeFiles/CMakeTmp'
gmake: *** [Makefile:140: cmTC_4ecae/fast] Error 2


Source file was:
int main(void) { return 0; }
Performing C++ SOURCE FILE Test CXX_SUPPORTS_STRING_CONVERSION_FLAG failed with the following output:
Change Dir: /home/maxbubblegum/Desktop/LLVM_13_MBLAZE/build/CMakeFiles/CMakeTmp

Run Build Command(s):/usr/bin/gmake cmTC_3f3e6/fast && /usr/bin/gmake  -f CMakeFiles/cmTC_3f3e6.dir/build.make CMakeFiles/cmTC_3f3e6.dir/build
gmake[1]: Entering directory '/home/maxbubblegum/Desktop/LLVM_13_MBLAZE/build/CMakeFiles/CMakeTmp'
Building CXX object CMakeFiles/cmTC_3f3e6.dir/src.cxx.o
/usr/bin/c++   -fPIC -fno-semantic-interposition -fvisibility-inlines-hidden -Werror=date-time -Wall -Wextra -Wno-unused-parameter -Wwrite-strings -Wcast-qual -Wno-missing-field-initializers -pedantic -Wno-long-long -Wimplicit-fallthrough -Wno-maybe-uninitialized -Wno-class-memaccess -Wno-redundant-move -Wno-pessimizing-move -Wno-noexcept-type -Wdelete-non-virtual-dtor -Wsuggest-override -Wno-comment -DCXX_SUPPORTS_STRING_CONVERSION_FLAG   -Werror -Wstring-conversion -std=c++14 -o CMakeFiles/cmTC_3f3e6.dir/src.cxx.o -c /home/maxbubblegum/Desktop/LLVM_13_MBLAZE/build/CMakeFiles/CMakeTmp/src.cxx
c++: error: unrecognized command-line option '-Wstring-conversion'; did you mean '-Wsign-conversion'?
gmake[1]: *** [CMakeFiles/cmTC_3f3e6.dir/build.make:85: CMakeFiles/cmTC_3f3e6.dir/src.cxx.o] Error 1
gmake[1]: Leaving directory '/home/maxbubblegum/Desktop/LLVM_13_MBLAZE/build/CMakeFiles/CMakeTmp'
gmake: *** [Makefile:140: cmTC_3f3e6/fast] Error 2


Source file was:
int main() { return 0; }
Determining if the os_signpost_interval_begin exist failed with the following output:
Change Dir: /home/maxbubblegum/Desktop/LLVM_13_MBLAZE/build/CMakeFiles/CMakeTmp

Run Build Command(s):/usr/bin/gmake cmTC_390e1/fast && /usr/bin/gmake  -f CMakeFiles/cmTC_390e1.dir/build.make CMakeFiles/cmTC_390e1.dir/build
gmake[1]: Entering directory '/home/maxbubblegum/Desktop/LLVM_13_MBLAZE/build/CMakeFiles/CMakeTmp'
Building C object CMakeFiles/cmTC_390e1.dir/CheckSymbolExists.c.o
/usr/bin/cc -D_GNU_SOURCE  -fPIC -fno-semantic-interposition -Werror=date-time -Wall -Wextra -Wno-unused-parameter -Wwrite-strings -Wno-missing-field-initializers -pedantic -Wno-long-long -Wimplicit-fallthrough -Wno-comment -Wmisleading-indentation  -o CMakeFiles/cmTC_390e1.dir/CheckSymbolExists.c.o -c /home/maxbubblegum/Desktop/LLVM_13_MBLAZE/build/CMakeFiles/CMakeTmp/CheckSymbolExists.c
/home/maxbubblegum/Desktop/LLVM_13_MBLAZE/build/CMakeFiles/CMakeTmp/CheckSymbolExists.c:2:10: fatal error: os/signpost.h: No such file or directory
    2 | #include <os/signpost.h>
      |          ^~~~~~~~~~~~~~~
compilation terminated.
gmake[1]: *** [CMakeFiles/cmTC_390e1.dir/build.make:85: CMakeFiles/cmTC_390e1.dir/CheckSymbolExists.c.o] Error 1
gmake[1]: Leaving directory '/home/maxbubblegum/Desktop/LLVM_13_MBLAZE/build/CMakeFiles/CMakeTmp'
gmake: *** [Makefile:140: cmTC_390e1/fast] Error 2


File /home/maxbubblegum/Desktop/LLVM_13_MBLAZE/build/CMakeFiles/CMakeTmp/CheckSymbolExists.c:
/* */
#include <os/signpost.h>

int main(int argc, char** argv)
{
  (void)argv;
#ifndef os_signpost_interval_begin
  return ((int*)(&os_signpost_interval_begin))[argc];
#else
  (void)argc;
  return 0;
#endif
}
Performing C++ SOURCE FILE Test HAS_WERROR_GLOBAL_CTORS failed with the following output:
Change Dir: /home/maxbubblegum/Desktop/LLVM_13_MBLAZE/build/CMakeFiles/CMakeTmp

Run Build Command(s):/usr/bin/gmake cmTC_6cc5a/fast && /usr/bin/gmake  -f CMakeFiles/cmTC_6cc5a.dir/build.make CMakeFiles/cmTC_6cc5a.dir/build
gmake[1]: Entering directory '/home/maxbubblegum/Desktop/LLVM_13_MBLAZE/build/CMakeFiles/CMakeTmp'
Building CXX object CMakeFiles/cmTC_6cc5a.dir/src.cxx.o
/usr/bin/c++   -fPIC -fno-semantic-interposition -fvisibility-inlines-hidden -Werror=date-time -Wall -Wextra -Wno-unused-parameter -Wwrite-strings -Wcast-qual -Wno-missing-field-initializers -pedantic -Wno-long-long -Wimplicit-fallthrough -Wno-maybe-uninitialized -Wno-class-memaccess -Wno-redundant-move -Wno-pessimizing-move -Wno-noexcept-type -Wdelete-non-virtual-dtor -Wsuggest-override -Wno-comment -Wmisleading-indentation -DHAS_WERROR_GLOBAL_CTORS   -Werror=global-constructors -std=c++14 -o CMakeFiles/cmTC_6cc5a.dir/src.cxx.o -c /home/maxbubblegum/Desktop/LLVM_13_MBLAZE/build/CMakeFiles/CMakeTmp/src.cxx
cc1plus: error: '-Werror=global-constructors': no option '-Wglobal-constructors'; did you mean '-felide-constructors'?
gmake[1]: *** [CMakeFiles/cmTC_6cc5a.dir/build.make:85: CMakeFiles/cmTC_6cc5a.dir/src.cxx.o] Error 1
gmake[1]: Leaving directory '/home/maxbubblegum/Desktop/LLVM_13_MBLAZE/build/CMakeFiles/CMakeTmp'
gmake: *** [Makefile:140: cmTC_6cc5a/fast] Error 2


Source file was:
int main() { return 0; }
Performing C++ SOURCE FILE Test OPENMP_HAVE_WFORMAT_PEDANTIC_FLAG failed with the following output:
Change Dir: /home/maxbubblegum/Desktop/LLVM_13_MBLAZE/build/CMakeFiles/CMakeTmp

Run Build Command(s):/usr/bin/gmake cmTC_caf5e/fast && /usr/bin/gmake  -f CMakeFiles/cmTC_caf5e.dir/build.make CMakeFiles/cmTC_caf5e.dir/build
gmake[1]: Entering directory '/home/maxbubblegum/Desktop/LLVM_13_MBLAZE/build/CMakeFiles/CMakeTmp'
Building CXX object CMakeFiles/cmTC_caf5e.dir/src.cxx.o
/usr/bin/c++   -fPIC -fno-semantic-interposition -fvisibility-inlines-hidden -Werror=date-time -Wall -Wextra -Wno-unused-parameter -Wwrite-strings -Wcast-qual -Wno-missing-field-initializers -pedantic -Wno-long-long -Wimplicit-fallthrough -Wno-maybe-uninitialized -Wno-class-memaccess -Wno-redundant-move -Wno-pessimizing-move -Wno-noexcept-type -Wdelete-non-virtual-dtor -Wsuggest-override -Wno-comment -Wmisleading-indentation -DOPENMP_HAVE_WFORMAT_PEDANTIC_FLAG   -Wformat-pedantic -std=c++14 -o CMakeFiles/cmTC_caf5e.dir/src.cxx.o -c /home/maxbubblegum/Desktop/LLVM_13_MBLAZE/build/CMakeFiles/CMakeTmp/src.cxx
c++: error: unrecognized command-line option '-Wformat-pedantic'; did you mean '-Wno-pedantic'?
gmake[1]: *** [CMakeFiles/cmTC_caf5e.dir/build.make:85: CMakeFiles/cmTC_caf5e.dir/src.cxx.o] Error 1
gmake[1]: Leaving directory '/home/maxbubblegum/Desktop/LLVM_13_MBLAZE/build/CMakeFiles/CMakeTmp'
gmake: *** [Makefile:140: cmTC_caf5e/fast] Error 2


Source file was:
int main() { return 0; }
Performing C SOURCE FILE Test LIBOMP_HAVE_MMIC_FLAG failed with the following output:
Change Dir: /home/maxbubblegum/Desktop/LLVM_13_MBLAZE/build/CMakeFiles/CMakeTmp

Run Build Command(s):/usr/bin/gmake cmTC_0de3c/fast && /usr/bin/gmake  -f CMakeFiles/cmTC_0de3c.dir/build.make CMakeFiles/cmTC_0de3c.dir/build
gmake[1]: Entering directory '/home/maxbubblegum/Desktop/LLVM_13_MBLAZE/build/CMakeFiles/CMakeTmp'
Building C object CMakeFiles/cmTC_0de3c.dir/src.c.o
/usr/bin/cc   -fPIC -fno-semantic-interposition -Werror=date-time -Wall -Wextra -Wno-unused-parameter -Wwrite-strings -Wno-missing-field-initializers -pedantic -Wno-long-long -Wimplicit-fallthrough -Wno-comment -Wmisleading-indentation -Wall -Wcast-qual -Wimplicit-fallthrough -Wsign-compare -Wno-extra -Wno-pedantic -Wno-maybe-uninitialized -DLIBOMP_HAVE_MMIC_FLAG -mmic   -mmic -o CMakeFiles/cmTC_0de3c.dir/src.c.o -c /home/maxbubblegum/Desktop/LLVM_13_MBLAZE/build/CMakeFiles/CMakeTmp/src.c
cc: error: unrecognized command-line option '-mmic'
cc: error: unrecognized command-line option '-mmic'
gmake[1]: *** [CMakeFiles/cmTC_0de3c.dir/build.make:85: CMakeFiles/cmTC_0de3c.dir/src.c.o] Error 1
gmake[1]: Leaving directory '/home/maxbubblegum/Desktop/LLVM_13_MBLAZE/build/CMakeFiles/CMakeTmp'
gmake: *** [Makefile:140: cmTC_0de3c/fast] Error 2


Source file was:
int main(void) { return 0; }
Performing C SOURCE FILE Test LIBOMP_HAVE_M32_FLAG failed with the following output:
Change Dir: /home/maxbubblegum/Desktop/LLVM_13_MBLAZE/build/CMakeFiles/CMakeTmp

Run Build Command(s):/usr/bin/gmake cmTC_c5f66/fast && /usr/bin/gmake  -f CMakeFiles/cmTC_c5f66.dir/build.make CMakeFiles/cmTC_c5f66.dir/build
gmake[1]: Entering directory '/home/maxbubblegum/Desktop/LLVM_13_MBLAZE/build/CMakeFiles/CMakeTmp'
Building C object CMakeFiles/cmTC_c5f66.dir/src.c.o
/usr/bin/cc   -fPIC -fno-semantic-interposition -Werror=date-time -Wall -Wextra -Wno-unused-parameter -Wwrite-strings -Wno-missing-field-initializers -pedantic -Wno-long-long -Wimplicit-fallthrough -Wno-comment -Wmisleading-indentation -Wall -Wcast-qual -Wimplicit-fallthrough -Wsign-compare -Wno-extra -Wno-pedantic -Wno-maybe-uninitialized -DLIBOMP_HAVE_M32_FLAG -m32   -m32 -o CMakeFiles/cmTC_c5f66.dir/src.c.o -c /home/maxbubblegum/Desktop/LLVM_13_MBLAZE/build/CMakeFiles/CMakeTmp/src.c
Linking C executable cmTC_c5f66
/usr/bin/cmake -E cmake_link_script CMakeFiles/cmTC_c5f66.dir/link.txt --verbose=1
/usr/bin/cc  -fPIC -fno-semantic-interposition -Werror=date-time -Wall -Wextra -Wno-unused-parameter -Wwrite-strings -Wno-missing-field-initializers -pedantic -Wno-long-long -Wimplicit-fallthrough -Wno-comment -Wmisleading-indentation -Wall -Wcast-qual -Wimplicit-fallthrough -Wsign-compare -Wno-extra -Wno-pedantic -Wno-maybe-uninitialized -DLIBOMP_HAVE_M32_FLAG -m32 CMakeFiles/cmTC_c5f66.dir/src.c.o -o cmTC_c5f66  -lm 
/usr/bin/ld: cannot find Scrt1.o: No such file or directory
/usr/bin/ld: cannot find crti.o: No such file or directory
/usr/bin/ld: skipping incompatible /usr/lib/x86_64-linux-gnu/libm.so when searching for -lm
/usr/bin/ld: skipping incompatible /usr/lib/x86_64-linux-gnu/libm.a when searching for -lm
/usr/bin/ld: cannot find -lm
/usr/bin/ld: skipping incompatible /usr/lib/x86_64-linux-gnu/libm.so when searching for -lm
/usr/bin/ld: skipping incompatible /usr/lib/gcc/x86_64-linux-gnu/11/libgcc.a when searching for -lgcc
/usr/bin/ld: cannot find -lgcc
/usr/bin/ld: skipping incompatible /usr/lib/gcc/x86_64-linux-gnu/11/libgcc.a when searching for -lgcc
/usr/bin/ld: cannot find -lgcc
collect2: error: ld returned 1 exit status
gmake[1]: *** [CMakeFiles/cmTC_c5f66.dir/build.make:106: cmTC_c5f66] Error 1
gmake[1]: Leaving directory '/home/maxbubblegum/Desktop/LLVM_13_MBLAZE/build/CMakeFiles/CMakeTmp'
gmake: *** [Makefile:140: cmTC_c5f66/fast] Error 2


Source file was:
int main(void) { return 0; }
Performing C SOURCE FILE Test LIBOMP_HAVE_PSAPI failed with the following output:
Change Dir: /home/maxbubblegum/Desktop/LLVM_13_MBLAZE/build/CMakeFiles/CMakeTmp

Run Build Command(s):/usr/bin/gmake cmTC_e4c44/fast && /usr/bin/gmake  -f CMakeFiles/cmTC_e4c44.dir/build.make CMakeFiles/cmTC_e4c44.dir/build
gmake[1]: Entering directory '/home/maxbubblegum/Desktop/LLVM_13_MBLAZE/build/CMakeFiles/CMakeTmp'
Building C object CMakeFiles/cmTC_e4c44.dir/src.c.o
/usr/bin/cc   -fPIC -fno-semantic-interposition -Werror=date-time -Wall -Wextra -Wno-unused-parameter -Wwrite-strings -Wno-missing-field-initializers -pedantic -Wno-long-long -Wimplicit-fallthrough -Wno-comment -Wmisleading-indentation -Wall -Wcast-qual -Wimplicit-fallthrough -Wsign-compare -Wno-extra -Wno-pedantic -Wno-maybe-uninitialized -DLIBOMP_HAVE_PSAPI -o CMakeFiles/cmTC_e4c44.dir/src.c.o -c /home/maxbubblegum/Desktop/LLVM_13_MBLAZE/build/CMakeFiles/CMakeTmp/src.c
/home/maxbubblegum/Desktop/LLVM_13_MBLAZE/build/CMakeFiles/CMakeTmp/src.c:1:10: fatal error: windows.h: No such file or directory
    1 | #include <windows.h>
      |          ^~~~~~~~~~~
compilation terminated.
gmake[1]: *** [CMakeFiles/cmTC_e4c44.dir/build.make:85: CMakeFiles/cmTC_e4c44.dir/src.c.o] Error 1
gmake[1]: Leaving directory '/home/maxbubblegum/Desktop/LLVM_13_MBLAZE/build/CMakeFiles/CMakeTmp'
gmake: *** [Makefile:140: cmTC_e4c44/fast] Error 2


Source file was:
#include <windows.h>
  #include <psapi.h>
  int main(int artc, char** argv) {
    return EnumProcessModules(NULL, NULL, 0, NULL);
  }
Determining if the function __atomic_load_1 exists failed with the following output:
Change Dir: /home/maxbubblegum/Desktop/LLVM_13_MBLAZE/build/CMakeFiles/CMakeTmp

Run Build Command(s):/usr/bin/gmake cmTC_b0099/fast && /usr/bin/gmake  -f CMakeFiles/cmTC_b0099.dir/build.make CMakeFiles/cmTC_b0099.dir/build
gmake[1]: Entering directory '/home/maxbubblegum/Desktop/LLVM_13_MBLAZE/build/CMakeFiles/CMakeTmp'
Building C object CMakeFiles/cmTC_b0099.dir/CheckFunctionExists.c.o
/usr/bin/cc   -fPIC -fno-semantic-interposition -Werror=date-time -Wall -Wextra -Wno-unused-parameter -Wwrite-strings -Wno-missing-field-initializers -pedantic -Wno-long-long -Wimplicit-fallthrough -Wno-comment -Wmisleading-indentation -Wall -Wcast-qual -Wimplicit-fallthrough -Wsign-compare -Wno-extra -Wno-pedantic -Wno-maybe-uninitialized -DCHECK_FUNCTION_EXISTS=__atomic_load_1 -o CMakeFiles/cmTC_b0099.dir/CheckFunctionExists.c.o -c /usr/share/cmake-3.18/Modules/CheckFunctionExists.c
<command-line>: warning: conflicting types for built-in function ‘__atomic_load_1’; expected ‘unsigned char(const volatile void *, int)’ [-Wbuiltin-declaration-mismatch]
<command-line>: note: in definition of macro ‘CHECK_FUNCTION_EXISTS’
Linking C executable cmTC_b0099
/usr/bin/cmake -E cmake_link_script CMakeFiles/cmTC_b0099.dir/link.txt --verbose=1
/usr/bin/cc  -fPIC -fno-semantic-interposition -Werror=date-time -Wall -Wextra -Wno-unused-parameter -Wwrite-strings -Wno-missing-field-initializers -pedantic -Wno-long-long -Wimplicit-fallthrough -Wno-comment -Wmisleading-indentation -Wall -Wcast-qual -Wimplicit-fallthrough -Wsign-compare -Wno-extra -Wno-pedantic -Wno-maybe-uninitialized -DCHECK_FUNCTION_EXISTS=__atomic_load_1 CMakeFiles/cmTC_b0099.dir/CheckFunctionExists.c.o -o cmTC_b0099 
/usr/bin/ld: CMakeFiles/cmTC_b0099.dir/CheckFunctionExists.c.o: in function `main':
CheckFunctionExists.c:(.text+0x14): undefined reference to `__atomic_load_1'
collect2: error: ld returned 1 exit status
gmake[1]: *** [CMakeFiles/cmTC_b0099.dir/build.make:106: cmTC_b0099] Error 1
gmake[1]: Leaving directory '/home/maxbubblegum/Desktop/LLVM_13_MBLAZE/build/CMakeFiles/CMakeTmp'
gmake: *** [Makefile:140: cmTC_b0099/fast] Error 2



Determining if the function __atomic_load_1 exists failed with the following output:
Change Dir: /home/maxbubblegum/Desktop/LLVM_13_MBLAZE/build/CMakeFiles/CMakeTmp

Run Build Command(s):/usr/bin/gmake cmTC_c77fe/fast && /usr/bin/gmake  -f CMakeFiles/cmTC_c77fe.dir/build.make CMakeFiles/cmTC_c77fe.dir/build
gmake[1]: Entering directory '/home/maxbubblegum/Desktop/LLVM_13_MBLAZE/build/CMakeFiles/CMakeTmp'
Building C object CMakeFiles/cmTC_c77fe.dir/CheckFunctionExists.c.o
/usr/bin/cc -D_GNU_SOURCE  -fPIC -fno-semantic-interposition -Werror=date-time -Wall -Wextra -Wno-unused-parameter -Wwrite-strings -Wno-missing-field-initializers -pedantic -Wno-long-long -Wimplicit-fallthrough -Wno-comment -Wmisleading-indentation -Wall -Wcast-qual -Wimplicit-fallthrough -Wsign-compare -Wno-extra -Wno-pedantic -Wno-maybe-uninitialized -DCHECK_FUNCTION_EXISTS=__atomic_load_1 -o CMakeFiles/cmTC_c77fe.dir/CheckFunctionExists.c.o -c /usr/share/cmake-3.18/Modules/CheckFunctionExists.c
<command-line>: warning: conflicting types for built-in function ‘__atomic_load_1’; expected ‘unsigned char(const volatile void *, int)’ [-Wbuiltin-declaration-mismatch]
<command-line>: note: in definition of macro ‘CHECK_FUNCTION_EXISTS’
Linking C executable cmTC_c77fe
/usr/bin/cmake -E cmake_link_script CMakeFiles/cmTC_c77fe.dir/link.txt --verbose=1
/usr/bin/cc  -fPIC -fno-semantic-interposition -Werror=date-time -Wall -Wextra -Wno-unused-parameter -Wwrite-strings -Wno-missing-field-initializers -pedantic -Wno-long-long -Wimplicit-fallthrough -Wno-comment -Wmisleading-indentation -Wall -Wcast-qual -Wimplicit-fallthrough -Wsign-compare -Wno-extra -Wno-pedantic -Wno-maybe-uninitialized -DCHECK_FUNCTION_EXISTS=__atomic_load_1 CMakeFiles/cmTC_c77fe.dir/CheckFunctionExists.c.o -o cmTC_c77fe  -lm 
/usr/bin/ld: CMakeFiles/cmTC_c77fe.dir/CheckFunctionExists.c.o: in function `main':
CheckFunctionExists.c:(.text+0x14): undefined reference to `__atomic_load_1'
collect2: error: ld returned 1 exit status
gmake[1]: *** [CMakeFiles/cmTC_c77fe.dir/build.make:106: cmTC_c77fe] Error 1
gmake[1]: Leaving directory '/home/maxbubblegum/Desktop/LLVM_13_MBLAZE/build/CMakeFiles/CMakeTmp'
gmake: *** [Makefile:140: cmTC_c77fe/fast] Error 2



Performing C++ SOURCE FILE Test CXX_SUPPORTS_NO_NESTED_ANON_TYPES_FLAG failed with the following output:
Change Dir: /home/maxbubblegum/Desktop/LLVM_13_MBLAZE/build/CMakeFiles/CMakeTmp

Run Build Command(s):/usr/bin/gmake cmTC_98bac/fast && /usr/bin/gmake  -f CMakeFiles/cmTC_98bac.dir/build.make CMakeFiles/cmTC_98bac.dir/build
gmake[1]: Entering directory '/home/maxbubblegum/Desktop/LLVM_13_MBLAZE/build/CMakeFiles/CMakeTmp'
Building CXX object CMakeFiles/cmTC_98bac.dir/src.cxx.o
/usr/bin/c++   -fPIC -fno-semantic-interposition -fvisibility-inlines-hidden -Werror=date-time -Wall -Wextra -Wno-unused-parameter -Wwrite-strings -Wcast-qual -Wno-missing-field-initializers -pedantic -Wno-long-long -Wimplicit-fallthrough -Wno-maybe-uninitialized -Wno-class-memaccess -Wno-redundant-move -Wno-pessimizing-move -Wno-noexcept-type -Wdelete-non-virtual-dtor -Wsuggest-override -Wno-comment -Wmisleading-indentation -fno-common -Woverloaded-virtual -fno-strict-aliasing -DCXX_SUPPORTS_NO_NESTED_ANON_TYPES_FLAG   -Werror -Wnested-anon-types -std=c++14 -o CMakeFiles/cmTC_98bac.dir/src.cxx.o -c /home/maxbubblegum/Desktop/LLVM_13_MBLAZE/build/CMakeFiles/CMakeTmp/src.cxx
c++: error: unrecognized command-line option '-Wnested-anon-types'
gmake[1]: *** [CMakeFiles/cmTC_98bac.dir/build.make:85: CMakeFiles/cmTC_98bac.dir/src.cxx.o] Error 1
gmake[1]: Leaving directory '/home/maxbubblegum/Desktop/LLVM_13_MBLAZE/build/CMakeFiles/CMakeTmp'
gmake: *** [Makefile:140: cmTC_98bac/fast] Error 2


Source file was:
int main() { return 0; }
Performing C++ SOURCE FILE Test HAVE_CXX_FLAG_WSHORTEN_64_TO_32 failed with the following output:
Change Dir: /home/maxbubblegum/Desktop/LLVM_13_MBLAZE/build/CMakeFiles/CMakeTmp

Run Build Command(s):/usr/bin/gmake cmTC_0f028/fast && /usr/bin/gmake  -f CMakeFiles/cmTC_0f028.dir/build.make CMakeFiles/cmTC_0f028.dir/build
gmake[1]: Entering directory '/home/maxbubblegum/Desktop/LLVM_13_MBLAZE/build/CMakeFiles/CMakeTmp'
Building CXX object CMakeFiles/cmTC_0f028.dir/src.cxx.o
/usr/bin/c++   -fPIC -fno-semantic-interposition -fvisibility-inlines-hidden -Werror=date-time -Wall -Wextra -Wno-unused-parameter -Wwrite-strings -Wcast-qual -Wno-missing-field-initializers -pedantic -Wno-long-long -Wimplicit-fallthrough -Wno-maybe-uninitialized -Wno-class-memaccess -Wno-redundant-move -Wno-pessimizing-move -Wno-noexcept-type -Wdelete-non-virtual-dtor -Wsuggest-override -Wno-comment -Wmisleading-indentation  -std=c++11  -Wall  -Wextra  -Wshadow  -pedantic  -pedantic-errors -DHAVE_CXX_FLAG_WSHORTEN_64_TO_32  -Wshorten-64-to-32   -Wshorten-64-to-32 -std=c++14 -o CMakeFiles/cmTC_0f028.dir/src.cxx.o -c /home/maxbubblegum/Desktop/LLVM_13_MBLAZE/build/CMakeFiles/CMakeTmp/src.cxx
c++: error: unrecognized command-line option '-Wshorten-64-to-32'
c++: error: unrecognized command-line option '-Wshorten-64-to-32'
gmake[1]: *** [CMakeFiles/cmTC_0f028.dir/build.make:85: CMakeFiles/cmTC_0f028.dir/src.cxx.o] Error 1
gmake[1]: Leaving directory '/home/maxbubblegum/Desktop/LLVM_13_MBLAZE/build/CMakeFiles/CMakeTmp'
gmake: *** [Makefile:140: cmTC_0f028/fast] Error 2


Source file was:
int main() { return 0; }
Performing C++ SOURCE FILE Test HAVE_CXX_FLAG_WD654 failed with the following output:
Change Dir: /home/maxbubblegum/Desktop/LLVM_13_MBLAZE/build/CMakeFiles/CMakeTmp

Run Build Command(s):/usr/bin/gmake cmTC_55c75/fast && /usr/bin/gmake  -f CMakeFiles/cmTC_55c75.dir/build.make CMakeFiles/cmTC_55c75.dir/build
gmake[1]: Entering directory '/home/maxbubblegum/Desktop/LLVM_13_MBLAZE/build/CMakeFiles/CMakeTmp'
Building CXX object CMakeFiles/cmTC_55c75.dir/src.cxx.o
/usr/bin/c++   -fPIC -fno-semantic-interposition -fvisibility-inlines-hidden -Werror=date-time -Wall -Wextra -Wno-unused-parameter -Wwrite-strings -Wcast-qual -Wno-missing-field-initializers -pedantic -Wno-long-long -Wimplicit-fallthrough -Wno-maybe-uninitialized -Wno-class-memaccess -Wno-redundant-move -Wno-pessimizing-move -Wno-noexcept-type -Wdelete-non-virtual-dtor -Wsuggest-override -Wno-comment -Wmisleading-indentation  -std=c++11  -Wall  -Wextra  -Wshadow  -pedantic  -pedantic-errors  -Wfloat-equal  -fstrict-aliasing  -fno-exceptions  -Wno-suggest-override  -Wstrict-aliasing -DHAVE_CXX_FLAG_WD654  -wd654   -wd654 -std=c++14 -o CMakeFiles/cmTC_55c75.dir/src.cxx.o -c /home/maxbubblegum/Desktop/LLVM_13_MBLAZE/build/CMakeFiles/CMakeTmp/src.cxx
c++: error: unrecognized command-line option '-wd654'
c++: error: unrecognized command-line option '-wd654'
gmake[1]: *** [CMakeFiles/cmTC_55c75.dir/build.make:85: CMakeFiles/cmTC_55c75.dir/src.cxx.o] Error 1
gmake[1]: Leaving directory '/home/maxbubblegum/Desktop/LLVM_13_MBLAZE/build/CMakeFiles/CMakeTmp'
gmake: *** [Makefile:140: cmTC_55c75/fast] Error 2


Source file was:
int main() { return 0; }
Performing C++ SOURCE FILE Test HAVE_CXX_FLAG_WTHREAD_SAFETY failed with the following output:
Change Dir: /home/maxbubblegum/Desktop/LLVM_13_MBLAZE/build/CMakeFiles/CMakeTmp

Run Build Command(s):/usr/bin/gmake cmTC_a7c85/fast && /usr/bin/gmake  -f CMakeFiles/cmTC_a7c85.dir/build.make CMakeFiles/cmTC_a7c85.dir/build
gmake[1]: Entering directory '/home/maxbubblegum/Desktop/LLVM_13_MBLAZE/build/CMakeFiles/CMakeTmp'
Building CXX object CMakeFiles/cmTC_a7c85.dir/src.cxx.o
/usr/bin/c++   -fPIC -fno-semantic-interposition -fvisibility-inlines-hidden -Werror=date-time -Wall -Wextra -Wno-unused-parameter -Wwrite-strings -Wcast-qual -Wno-missing-field-initializers -pedantic -Wno-long-long -Wimplicit-fallthrough -Wno-maybe-uninitialized -Wno-class-memaccess -Wno-redundant-move -Wno-pessimizing-move -Wno-noexcept-type -Wdelete-non-virtual-dtor -Wsuggest-override -Wno-comment -Wmisleading-indentation  -std=c++11  -Wall  -Wextra  -Wshadow  -pedantic  -pedantic-errors  -Wfloat-equal  -fstrict-aliasing  -fno-exceptions  -Wno-suggest-override  -Wstrict-aliasing -DHAVE_CXX_FLAG_WTHREAD_SAFETY  -Wthread-safety   -Wthread-safety -std=c++14 -o CMakeFiles/cmTC_a7c85.dir/src.cxx.o -c /home/maxbubblegum/Desktop/LLVM_13_MBLAZE/build/CMakeFiles/CMakeTmp/src.cxx
c++: error: unrecognized command-line option '-Wthread-safety'
c++: error: unrecognized command-line option '-Wthread-safety'
gmake[1]: *** [CMakeFiles/cmTC_a7c85.dir/build.make:85: CMakeFiles/cmTC_a7c85.dir/src.cxx.o] Error 1
gmake[1]: Leaving directory '/home/maxbubblegum/Desktop/LLVM_13_MBLAZE/build/CMakeFiles/CMakeTmp'
gmake: *** [Makefile:140: cmTC_a7c85/fast] Error 2


Source file was:
int main() { return 0; }
